Determining if the log exist failed with the following output:
Change Dir: /mnt/c/users/donna/go/src/github.com/cmake/Help/guide/tutorial/Step5_build/CMakeFiles/CMakeTmp

Run Build Command(s):/usr/bin/make cmTC_a4b7d/fast && /usr/bin/make -f CMakeFiles/cmTC_a4b7d.dir/build.make CMakeFiles/cmTC_a4b7d.dir/build
make[1]: Entering directory '/mnt/c/users/donna/go/src/github.com/cmake/Help/guide/tutorial/Step5_build/CMakeFiles/CMakeTmp'
Building C object CMakeFiles/cmTC_a4b7d.dir/CheckSymbolExists.c.o
/usr/bin/cc    -o CMakeFiles/cmTC_a4b7d.dir/CheckSymbolExists.c.o   -c /mnt/c/users/donna/go/src/github.com/cmake/Help/guide/tutorial/Step5_build/CMakeFiles/CMakeTmp/CheckSymbolExists.c
Linking C executable cmTC_a4b7d
/usr/bin/cmake -E cmake_link_script CMakeFiles/cmTC_a4b7d.dir/link.txt --verbose=1
/usr/bin/cc      CMakeFiles/cmTC_a4b7d.dir/CheckSymbolExists.c.o  -o cmTC_a4b7d 
/usr/bin/ld: CMakeFiles/cmTC_a4b7d.dir/CheckSymbolExists.c.o: in function `main':
CheckSymbolExists.c:(.text+0x1f): undefined reference to `log'
collect2: error: ld returned 1 exit status
make[1]: *** [CMakeFiles/cmTC_a4b7d.dir/build.make:87: cmTC_a4b7d] Error 1
make[1]: Leaving directory '/mnt/c/users/donna/go/src/github.com/cmake/Help/guide/tutorial/Step5_build/CMakeFiles/CMakeTmp'
make: *** [Makefile:121: cmTC_a4b7d/fast] Error 2


File /mnt/c/users/donna/go/src/github.com/cmake/Help/guide/tutorial/Step5_build/CMakeFiles/CMakeTmp/CheckSymbolExists.c:
/* */
#include <math.h>

int main(int argc, char** argv)
{
  (void)argv;
#ifndef log
  return ((int*)(&log))[argc];
#else
  (void)argc;
  return 0;
#endif
}
Determining if the exp exist failed with the following output:
Change Dir: /mnt/c/users/donna/go/src/github.com/cmake/Help/guide/tutorial/Step5_build/CMakeFiles/CMakeTmp

Run Build Command(s):/usr/bin/make cmTC_712de/fast && /usr/bin/make -f CMakeFiles/cmTC_712de.dir/build.make CMakeFiles/cmTC_712de.dir/build
make[1]: Entering directory '/mnt/c/users/donna/go/src/github.com/cmake/Help/guide/tutorial/Step5_build/CMakeFiles/CMakeTmp'
Building C object CMakeFiles/cmTC_712de.dir/CheckSymbolExists.c.o
/usr/bin/cc    -o CMakeFiles/cmTC_712de.dir/CheckSymbolExists.c.o   -c /mnt/c/users/donna/go/src/github.com/cmake/Help/guide/tutorial/Step5_build/CMakeFiles/CMakeTmp/CheckSymbolExists.c
Linking C executable cmTC_712de
/usr/bin/cmake -E cmake_link_script CMakeFiles/cmTC_712de.dir/link.txt --verbose=1
/usr/bin/cc      CMakeFiles/cmTC_712de.dir/CheckSymbolExists.c.o  -o cmTC_712de 
/usr/bin/ld: CMakeFiles/cmTC_712de.dir/CheckSymbolExists.c.o: in function `main':
CheckSymbolExists.c:(.text+0x1f): undefined reference to `exp'
collect2: error: ld returned 1 exit status
make[1]: *** [CMakeFiles/cmTC_712de.dir/build.make:87: cmTC_712de] Error 1
make[1]: Leaving directory '/mnt/c/users/donna/go/src/github.com/cmake/Help/guide/tutorial/Step5_build/CMakeFiles/CMakeTmp'
make: *** [Makefile:121: cmTC_712de/fast] Error 2


File /mnt/c/users/donna/go/src/github.com/cmake/Help/guide/tutorial/Step5_build/CMakeFiles/CMakeTmp/CheckSymbolExists.c:
/* */
#include <math.h>

int main(int argc, char** argv)
{
  (void)argv;
#ifndef exp
  return ((int*)(&exp))[argc];
#else
  (void)argc;
  return 0;
#endif
}
